# JRE version: OpenJDK Runtime Environment Temurin-17.0.1+12 (17.0.1+12) (build 17.0.1+12)
# Java VM: OpenJDK 64-Bit Server VM Temurin-17.0.1+12 (17.0.1+12, mixed mode, tiered, compressed oops, compressed class ptrs, parallel gc, windows-amd64)
GC Precious Log:
 CPUs: 8 total, 8 available
 Memory: 32696M
 Large Page Support: Disabled
 NUMA Support: Disabled
 Compressed Oops: Enabled (Zero based)
 Alignments: Space 512K, Generation 512K, Heap 2M
 Heap Min Capacity: 4G
 Heap Initial Capacity: 4G
 Heap Max Capacity: 4G
 Pre-touch: Disabled
 Parallel Workers: 8
Heap:
 PSYoungGen      total 1223168K, used 645945K [0x00000007aab00000, 0x0000000800000000, 0x0000000800000000)
  eden space 1048576K, 61% used [0x00000007aab00000,0x00000007d21ce5b8,0x00000007eab00000)
  from space 174592K, 0% used [0x00000007f5580000,0x00000007f5580000,0x0000000800000000)
  to   space 174592K, 0% used [0x00000007eab00000,0x00000007eab00000,0x00000007f5580000)
 ParOldGen       total 2796544K, used 11605K [0x0000000700000000, 0x00000007aab00000, 0x00000007aab00000)
  object space 2796544K, 0% used [0x0000000700000000,0x0000000700b556e8,0x00000007aab00000)
 Metaspace       used 53862K, committed 54720K, reserved 1097728K
  class space    used 6326K, committed 6656K, reserved 1048576K
GC Heap History (8 events):
Event: 1.119 GC heap before
{Heap before GC invocations=1 (full 0):
 PSYoungGen      total 1223168K, used 230687K [0x00000007aab00000, 0x0000000800000000, 0x0000000800000000)
  eden space 1048576K, 22% used [0x00000007aab00000,0x00000007b8c47db8,0x00000007eab00000)
  from space 174592K, 0% used [0x00000007f5580000,0x00000007f5580000,0x0000000800000000)
  to   space 174592K, 0% used [0x00000007eab00000,0x00000007eab00000,0x00000007f5580000)
 ParOldGen       total 2796544K, used 0K [0x0000000700000000, 0x00000007aab00000, 0x00000007aab00000)
  object space 2796544K, 0% used [0x0000000700000000,0x0000000700000000,0x00000007aab00000)
 Metaspace       used 21172K, committed 21504K, reserved 1073152K
  class space    used 2131K, committed 2240K, reserved 1048576K
}
Event: 1.131 GC heap after
{Heap after GC invocations=1 (full 0):
 PSYoungGen      total 1223168K, used 7613K [0x00000007aab00000, 0x0000000800000000, 0x0000000800000000)
  eden space 1048576K, 0% used [0x00000007aab00000,0x00000007aab00000,0x00000007eab00000)
  from space 174592K, 4% used [0x00000007eab00000,0x00000007eb26f7d8,0x00000007f5580000)
  to   space 174592K, 0% used [0x00000007f5580000,0x00000007f5580000,0x0000000800000000)
 ParOldGen       total 2796544K, used 88K [0x0000000700000000, 0x00000007aab00000, 0x00000007aab00000)
  object space 2796544K, 0% used [0x0000000700000000,0x0000000700016010,0x00000007aab00000)
 Metaspace       used 21172K, committed 21504K, reserved 1073152K
  class space    used 2131K, committed 2240K, reserved 1048576K
}
Event: 1.131 GC heap before
{Heap before GC invocations=2 (full 1):
 PSYoungGen      total 1223168K, used 7613K [0x00000007aab00000, 0x0000000800000000, 0x0000000800000000)
  eden space 1048576K, 0% used [0x00000007aab00000,0x00000007aab00000,0x00000007eab00000)
  from space 174592K, 4% used [0x00000007eab00000,0x00000007eb26f7d8,0x00000007f5580000)
  to   space 174592K, 0% used [0x00000007f5580000,0x00000007f5580000,0x0000000800000000)
 ParOldGen       total 2796544K, used 88K [0x0000000700000000, 0x00000007aab00000, 0x00000007aab00000)
  object space 2796544K, 0% used [0x0000000700000000,0x0000000700016010,0x00000007aab00000)
 Metaspace       used 21172K, committed 21504K, reserved 1073152K
  class space    used 2131K, committed 2240K, reserved 1048576K
}
Event: 1.143 GC heap after
{Heap after GC invocations=2 (full 1):
 PSYoungGen      total 1223168K, used 0K [0x00000007aab00000, 0x0000000800000000, 0x0000000800000000)
  eden space 1048576K, 0% used [0x00000007aab00000,0x00000007aab00000,0x00000007eab00000)
  from space 174592K, 0% used [0x00000007eab00000,0x00000007eab00000,0x00000007f5580000)
  to   space 174592K, 0% used [0x00000007f5580000,0x00000007f5580000,0x0000000800000000)
 ParOldGen       total 2796544K, used 7603K [0x0000000700000000, 0x00000007aab00000, 0x00000007aab00000)
  object space 2796544K, 0% used [0x0000000700000000,0x000000070076cc68,0x00000007aab00000)
 Metaspace       used 21172K, committed 21504K, reserved 1073152K
  class space    used 2131K, committed 2240K, reserved 1048576K
}
Event: 2.681 GC heap before
{Heap before GC invocations=3 (full 1):
 PSYoungGen      total 1223168K, used 167795K [0x00000007aab00000, 0x0000000800000000, 0x0000000800000000)
  eden space 1048576K, 16% used [0x00000007aab00000,0x00000007b4edcda8,0x00000007eab00000)
  from space 174592K, 0% used [0x00000007eab00000,0x00000007eab00000,0x00000007f5580000)
  to   space 174592K, 0% used [0x00000007f5580000,0x00000007f5580000,0x0000000800000000)
 ParOldGen       total 2796544K, used 7603K [0x0000000700000000, 0x00000007aab00000, 0x00000007aab00000)
  object space 2796544K, 0% used [0x0000000700000000,0x000000070076cc68,0x00000007aab00000)
 Metaspace       used 35182K, committed 35840K, reserved 1081344K
  class space    used 3794K, committed 4096K, reserved 1048576K
}
Event: 2.683 GC heap after
{Heap after GC invocations=3 (full 1):
 PSYoungGen      total 1223168K, used 4576K [0x00000007aab00000, 0x0000000800000000, 0x0000000800000000)
  eden space 1048576K, 0% used [0x00000007aab00000,0x00000007aab00000,0x00000007eab00000)
  from space 174592K, 2% used [0x00000007f5580000,0x00000007f59f80a8,0x0000000800000000)
  to   space 174592K, 0% used [0x00000007eab00000,0x00000007eab00000,0x00000007f5580000)
 ParOldGen       total 2796544K, used 7611K [0x0000000700000000, 0x00000007aab00000, 0x00000007aab00000)
  object space 2796544K, 0% used [0x0000000700000000,0x000000070076ec68,0x00000007aab00000)
 Metaspace       used 35182K, committed 35840K, reserved 1081344K
  class space    used 3794K, committed 4096K, reserved 1048576K
}
Event: 2.683 GC heap before
{Heap before GC invocations=4 (full 2):
 PSYoungGen      total 1223168K, used 4576K [0x00000007aab00000, 0x0000000800000000, 0x0000000800000000)
  eden space 1048576K, 0% used [0x00000007aab00000,0x00000007aab00000,0x00000007eab00000)
  from space 174592K, 2% used [0x00000007f5580000,0x00000007f59f80a8,0x0000000800000000)
  to   space 174592K, 0% used [0x00000007eab00000,0x00000007eab00000,0x00000007f5580000)
 ParOldGen       total 2796544K, used 7611K [0x0000000700000000, 0x00000007aab00000, 0x00000007aab00000)
  object space 2796544K, 0% used [0x0000000700000000,0x000000070076ec68,0x00000007aab00000)
 Metaspace       used 35182K, committed 35840K, reserved 1081344K
  class space    used 3794K, committed 4096K, reserved 1048576K
}
Event: 2.695 GC heap after
{Heap after GC invocations=4 (full 2):
 PSYoungGen      total 1223168K, used 0K [0x00000007aab00000, 0x0000000800000000, 0x0000000800000000)
  eden space 1048576K, 0% used [0x00000007aab00000,0x00000007aab00000,0x00000007eab00000)
  from space 174592K, 0% used [0x00000007f5580000,0x00000007f5580000,0x0000000800000000)
  to   space 174592K, 0% used [0x00000007eab00000,0x00000007eab00000,0x00000007f5580000)
 ParOldGen       total 2796544K, used 11605K [0x0000000700000000, 0x00000007aab00000, 0x00000007aab00000)
  object space 2796544K, 0% used [0x0000000700000000,0x0000000700b556e8,0x00000007aab00000)
 Metaspace       used 35182K, committed 35840K, reserved 1081344K
  class space    used 3794K, committed 4096K, reserved 1048576K
}

